0 info it worked if it ends with ok
1 verbose cli [ 'D:\\Program Files\\nodejs\\node.exe',
1 verbose cli   'D:\\Program Files\\nodejs\\node_modules\\npm\\bin\\npm-cli.js',
1 verbose cli   'bugs',
1 verbose cli   'testbot' ]
2 info using npm@3.10.9
3 info using node@v6.9.2
4 silly fetchPackageMetaData testbot
5 silly fetchNamedPackageData testbot
6 silly mapToRegistry name testbot
7 silly mapToRegistry using default registry
8 silly mapToRegistry registry https://registry.npmjs.org/
9 silly mapToRegistry data Result {
9 silly mapToRegistry   raw: 'testbot',
9 silly mapToRegistry   scope: null,
9 silly mapToRegistry   escapedName: 'testbot',
9 silly mapToRegistry   name: 'testbot',
9 silly mapToRegistry   rawSpec: '',
9 silly mapToRegistry   spec: 'latest',
9 silly mapToRegistry   type: 'tag' }
10 silly mapToRegistry uri https://registry.npmjs.org/testbot
11 verbose request uri https://registry.npmjs.org/testbot
12 verbose request no auth needed
13 info attempt registry request try #1 at 1:07:06 AM
14 verbose request id e14d2acac676c94d
15 http request GET https://registry.npmjs.org/testbot
16 http 200 https://registry.npmjs.org/testbot
17 verbose headers { server: 'nginx/1.10.1',
17 verbose headers   'content-type': 'application/json',
17 verbose headers   'last-modified': 'Thu, 02 Jul 2015 03:05:35 GMT',
17 verbose headers   etag: 'W/"5594aa7f-e3f"',
17 verbose headers   'content-encoding': 'gzip',
17 verbose headers   'cache-control': 'max-age=300',
17 verbose headers   'content-length': '1220',
17 verbose headers   'accept-ranges': 'bytes',
17 verbose headers   date: 'Wed, 18 Jan 2017 06:07:16 GMT',
17 verbose headers   via: '1.1 varnish',
17 verbose headers   age: '0',
17 verbose headers   connection: 'keep-alive',
17 verbose headers   'x-served-by': 'cache-atl6220-ATL',
17 verbose headers   'x-cache': 'MISS',
17 verbose headers   'x-cache-hits': '0',
17 verbose headers   'x-timer': 'S1484719635.797865,VS0,VE224',
17 verbose headers   vary: 'Accept-Encoding' }
18 silly get cb [ 200,
18 silly get   { server: 'nginx/1.10.1',
18 silly get     'content-type': 'application/json',
18 silly get     'last-modified': 'Thu, 02 Jul 2015 03:05:35 GMT',
18 silly get     etag: 'W/"5594aa7f-e3f"',
18 silly get     'content-encoding': 'gzip',
18 silly get     'cache-control': 'max-age=300',
18 silly get     'content-length': '1220',
18 silly get     'accept-ranges': 'bytes',
18 silly get     date: 'Wed, 18 Jan 2017 06:07:16 GMT',
18 silly get     via: '1.1 varnish',
18 silly get     age: '0',
18 silly get     connection: 'keep-alive',
18 silly get     'x-served-by': 'cache-atl6220-ATL',
18 silly get     'x-cache': 'MISS',
18 silly get     'x-cache-hits': '0',
18 silly get     'x-timer': 'S1484719635.797865,VS0,VE224',
18 silly get     vary: 'Accept-Encoding' } ]
19 verbose get saving testbot to C:\Users\Chiyoung\AppData\Roaming\npm-cache\registry.npmjs.org\testbot\.cache.json
20 verbose correctMkdir C:\Users\Chiyoung\AppData\Roaming\npm-cache correctMkdir not in flight; initializing
21 silly bugs url https://github.com/mnpk/testbot/issues
22 verbose stack Error: spawn cmd ENOENT
22 verbose stack     at exports._errnoException (util.js:1022:11)
22 verbose stack     at Process.ChildProcess._handle.onexit (internal/child_process.js:193:32)
22 verbose stack     at onErrorNT (internal/child_process.js:359:16)
22 verbose stack     at _combinedTickCallback (internal/process/next_tick.js:74:11)
22 verbose stack     at process._tickCallback (internal/process/next_tick.js:98:9)
23 verbose cwd D:\testbot
24 error Windows_NT 6.1.7601
25 error argv "D:\\Program Files\\nodejs\\node.exe" "D:\\Program Files\\nodejs\\node_modules\\npm\\bin\\npm-cli.js" "bugs" "testbot"
26 error node v6.9.2
27 error npm  v3.10.9
28 error path cmd
29 error code ENOENT
30 error errno ENOENT
31 error syscall spawn cmd
32 error enoent spawn cmd ENOENT
33 error enoent spawn cmd ENOENT
33 error enoent This is most likely not a problem with npm itself
33 error enoent and is related to npm not being able to find a file.
34 verbose exit [ 1, true ]
